2020-12-21T04:12:28+00:00 CRITICAL Uncaught TypeError: call_user_func(): Argument #1 ($function) must be a valid callback, function "woodmart_sguide_dropdown_template" not found or invalid function name in C:\Program Files\xampp\htdocs\myweb\wp-admin\includes\template.php:1389
Stack trace:
#0 C:\Program Files\xampp\htdocs\myweb\wp-admin\edit-form-advanced.php(681): do_meta_boxes(Object(WP_Screen), 'side', Object(WP_Post))
#1 C:\Program Files\xampp\htdocs\myweb\wp-admin\post-new.php(75): require('C:\\Program File...')
#2 {main}
  thrown in C:\Program Files\xampp\htdocs\myweb\wp-admin\includes\template.php on line 1389

2020-12-21T04:13:49+00:00 CRITICAL Uncaught TypeError: call_user_func(): Argument #1 ($function) must be a valid callback, function "woodmart_sguide_dropdown_template" not found or invalid function name in C:\Program Files\xampp\htdocs\myweb\wp-admin\includes\template.php:1389
Stack trace:
#0 C:\Program Files\xampp\htdocs\myweb\wp-admin\edit-form-advanced.php(681): do_meta_boxes(Object(WP_Screen), 'side', Object(WP_Post))
#1 C:\Program Files\xampp\htdocs\myweb\wp-admin\post.php(206): require('C:\\Program File...')
#2 {main}
  thrown in C:\Program Files\xampp\htdocs\myweb\wp-admin\includes\template.php on line 1389

2020-12-21T04:14:03+00:00 CRITICAL Uncaught TypeError: call_user_func(): Argument #1 ($function) must be a valid callback, function "woodmart_sguide_dropdown_template" not found or invalid function name in C:\Program Files\xampp\htdocs\myweb\wp-admin\includes\template.php:1389
Stack trace:
#0 C:\Program Files\xampp\htdocs\myweb\wp-admin\edit-form-advanced.php(681): do_meta_boxes(Object(WP_Screen), 'side', Object(WP_Post))
#1 C:\Program Files\xampp\htdocs\myweb\wp-admin\post.php(206): require('C:\\Program File...')
#2 {main}
  thrown in C:\Program Files\xampp\htdocs\myweb\wp-admin\includes\template.php on line 1389

2020-12-21T04:14:04+00:00 CRITICAL Uncaught TypeError: call_user_func(): Argument #1 ($function) must be a valid callback, function "woodmart_sguide_dropdown_template" not found or invalid function name in C:\Program Files\xampp\htdocs\myweb\wp-admin\includes\template.php:1389
Stack trace:
#0 C:\Program Files\xampp\htdocs\myweb\wp-admin\edit-form-advanced.php(681): do_meta_boxes(Object(WP_Screen), 'side', Object(WP_Post))
#1 C:\Program Files\xampp\htdocs\myweb\wp-admin\post.php(206): require('C:\\Program File...')
#2 {main}
  thrown in C:\Program Files\xampp\htdocs\myweb\wp-admin\includes\template.php on line 1389

2020-12-21T04:16:01+00:00 CRITICAL Uncaught TypeError: call_user_func(): Argument #1 ($function) must be a valid callback, function "woodmart_sguide_dropdown_template" not found or invalid function name in C:\Program Files\xampp\htdocs\myweb\wp-admin\includes\template.php:1389
Stack trace:
#0 C:\Program Files\xampp\htdocs\myweb\wp-admin\edit-form-advanced.php(681): do_meta_boxes(Object(WP_Screen), 'side', Object(WP_Post))
#1 C:\Program Files\xampp\htdocs\myweb\wp-admin\post.php(206): require('C:\\Program File...')
#2 {main}
  thrown in C:\Program Files\xampp\htdocs\myweb\wp-admin\includes\template.php on line 1389

2020-12-21T04:16:26+00:00 CRITICAL Uncaught TypeError: call_user_func(): Argument #1 ($function) must be a valid callback, function "woodmart_sguide_dropdown_template" not found or invalid function name in C:\Program Files\xampp\htdocs\myweb\wp-admin\includes\template.php:1389
Stack trace:
#0 C:\Program Files\xampp\htdocs\myweb\wp-admin\edit-form-advanced.php(681): do_meta_boxes(Object(WP_Screen), 'side', Object(WP_Post))
#1 C:\Program Files\xampp\htdocs\myweb\wp-admin\post.php(206): require('C:\\Program File...')
#2 {main}
  thrown in C:\Program Files\xampp\htdocs\myweb\wp-admin\includes\template.php on line 1389

2020-12-21T04:16:35+00:00 CRITICAL Uncaught TypeError: call_user_func(): Argument #1 ($function) must be a valid callback, function "woodmart_sguide_dropdown_template" not found or invalid function name in C:\Program Files\xampp\htdocs\myweb\wp-admin\includes\template.php:1389
Stack trace:
#0 C:\Program Files\xampp\htdocs\myweb\wp-admin\edit-form-advanced.php(681): do_meta_boxes(Object(WP_Screen), 'side', Object(WP_Post))
#1 C:\Program Files\xampp\htdocs\myweb\wp-admin\post-new.php(75): require('C:\\Program File...')
#2 {main}
  thrown in C:\Program Files\xampp\htdocs\myweb\wp-admin\includes\template.php on line 1389

2020-12-21T04:16:35+00:00 CRITICAL Uncaught TypeError: call_user_func(): Argument #1 ($function) must be a valid callback, function "woodmart_sguide_dropdown_template" not found or invalid function name in C:\Program Files\xampp\htdocs\myweb\wp-admin\includes\template.php:1389
Stack trace:
#0 C:\Program Files\xampp\htdocs\myweb\wp-admin\edit-form-advanced.php(681): do_meta_boxes(Object(WP_Screen), 'side', Object(WP_Post))
#1 C:\Program Files\xampp\htdocs\myweb\wp-admin\post-new.php(75): require('C:\\Program File...')
#2 {main}
  thrown in C:\Program Files\xampp\htdocs\myweb\wp-admin\includes\template.php on line 1389

2020-12-21T04:17:50+00:00 CRITICAL Uncaught TypeError: call_user_func(): Argument #1 ($function) must be a valid callback, function "woodmart_sguide_dropdown_template" not found or invalid function name in C:\Program Files\xampp\htdocs\myweb\wp-admin\includes\template.php:1389
Stack trace:
#0 C:\Program Files\xampp\htdocs\myweb\wp-admin\edit-form-advanced.php(681): do_meta_boxes(Object(WP_Screen), 'side', Object(WP_Post))
#1 C:\Program Files\xampp\htdocs\myweb\wp-admin\post-new.php(75): require('C:\\Program File...')
#2 {main}
  thrown in C:\Program Files\xampp\htdocs\myweb\wp-admin\includes\template.php on line 1389

2020-12-21T04:21:40+00:00 CRITICAL Uncaught TypeError: call_user_func(): Argument #1 ($function) must be a valid callback, function "woodmart_sguide_dropdown_template" not found or invalid function name in C:\Program Files\xampp\htdocs\myweb\wp-admin\includes\template.php:1389
Stack trace:
#0 C:\Program Files\xampp\htdocs\myweb\wp-admin\edit-form-advanced.php(681): do_meta_boxes(Object(WP_Screen), 'side', Object(WP_Post))
#1 C:\Program Files\xampp\htdocs\myweb\wp-admin\post.php(206): require('C:\\Program File...')
#2 {main}
  thrown in C:\Program Files\xampp\htdocs\myweb\wp-admin\includes\template.php on line 1389

2020-12-21T04:42:42+00:00 CRITICAL Uncaught ArgumentCountError: 3 arguments are required, 2 given in C:\Program Files\xampp\htdocs\myweb\wp-admin\includes\class-bulk-upgrader-skin.php:152
Stack trace:
#0 C:\Program Files\xampp\htdocs\myweb\wp-admin\includes\class-bulk-upgrader-skin.php(152): sprintf('%1$s installed ...', 'BlossomThemes E...')
#1 C:\Program Files\xampp\htdocs\myweb\wp-content\themes\vilva\inc\tgmpa\class-tgm-plugin-activation.php(3553): Bulk_Upgrader_Skin->after('BlossomThemes E...')
#2 C:\Program Files\xampp\htdocs\myweb\wp-admin\includes\class-wp-upgrader.php(813): TGMPA_Bulk_Installer_Skin->after()
#3 C:\Program Files\xampp\htdocs\myweb\wp-content\themes\vilva\inc\tgmpa\class-tgm-plugin-activation.php(3173): WP_Upgrader->run(Array)
#4 C:\Program Files\xampp\htdocs\myweb\wp-content\themes\vilva\inc\tgmpa\class-tgm-plugin-activation.php(3286): TGMPA_Bulk_Installer->run(Array)
#5 C:\Program Files\xampp\htdocs\myweb\wp-content\themes\vilva\inc\tgmpa\class-tgm-plugin-activation.php(2892): TGMPA_Bulk_Installer->bulk_install(Array)
#6 C:\Program Files\xampp\htdocs\myweb\wp-content\themes\vilva\inc\tgmpa\class-tgm-plugin-activation.php(658): TGMPA_List_Table->process_bulk_actions()
#7 C:\Program Files\xampp\htdocs\myweb\wp-includes\class-wp-hook.php(287): TGM_Plugin_Activation->install_plugins_page('')
#8 C:\Program Files\xampp\htdocs\myweb\wp-includes\class-wp-hook.php(311): WP_Hook->apply_filters('', Array)
#9 C:\Program Files\xampp\htdocs\myweb\wp-includes\plugin.php(484): WP_Hook->do_action(Array)
#10 C:\Program Files\xampp\htdocs\myweb\wp-admin\admin.php(259): do_action('appearance_page...')
#11 C:\Program Files\xampp\htdocs\myweb\wp-admin\themes.php(10): require_once('C:\\Program File...')
#12 {main}
  thrown in C:\Program Files\xampp\htdocs\myweb\wp-admin\includes\class-bulk-upgrader-skin.php on line 152

2020-12-21T04:43:18+00:00 CRITICAL Uncaught TypeError: call_user_func(): Argument #1 ($function) must be a valid callback, function "woodmart_sguide_dropdown_template" not found or invalid function name in C:\Program Files\xampp\htdocs\myweb\wp-admin\includes\template.php:1389
Stack trace:
#0 C:\Program Files\xampp\htdocs\myweb\wp-admin\edit-form-advanced.php(681): do_meta_boxes(Object(WP_Screen), 'side', Object(WP_Post))
#1 C:\Program Files\xampp\htdocs\myweb\wp-admin\post.php(206): require('C:\\Program File...')
#2 {main}
  thrown in C:\Program Files\xampp\htdocs\myweb\wp-admin\includes\template.php on line 1389

2020-12-21T04:43:37+00:00 CRITICAL Uncaught TypeError: call_user_func(): Argument #1 ($function) must be a valid callback, function "woodmart_sguide_dropdown_template" not found or invalid function name in C:\Program Files\xampp\htdocs\myweb\wp-admin\includes\template.php:1389
Stack trace:
#0 C:\Program Files\xampp\htdocs\myweb\wp-admin\edit-form-advanced.php(681): do_meta_boxes(Object(WP_Screen), 'side', Object(WP_Post))
#1 C:\Program Files\xampp\htdocs\myweb\wp-admin\post-new.php(75): require('C:\\Program File...')
#2 {main}
  thrown in C:\Program Files\xampp\htdocs\myweb\wp-admin\includes\template.php on line 1389

2020-12-21T04:44:35+00:00 CRITICAL Uncaught TypeError: call_user_func(): Argument #1 ($function) must be a valid callback, function "woodmart_sguide_dropdown_template" not found or invalid function name in C:\Program Files\xampp\htdocs\myweb\wp-admin\includes\template.php:1389
Stack trace:
#0 C:\Program Files\xampp\htdocs\myweb\wp-admin\edit-form-advanced.php(681): do_meta_boxes(Object(WP_Screen), 'side', Object(WP_Post))
#1 C:\Program Files\xampp\htdocs\myweb\wp-admin\post.php(206): require('C:\\Program File...')
#2 {main}
  thrown in C:\Program Files\xampp\htdocs\myweb\wp-admin\includes\template.php on line 1389

2020-12-21T04:50:23+00:00 CRITICAL Uncaught TypeError: call_user_func(): Argument #1 ($function) must be a valid callback, function "woodmart_sguide_dropdown_template" not found or invalid function name in C:\Program Files\xampp\htdocs\myweb\wp-admin\includes\template.php:1389
Stack trace:
#0 C:\Program Files\xampp\htdocs\myweb\wp-admin\edit-form-advanced.php(681): do_meta_boxes(Object(WP_Screen), 'side', Object(WP_Post))
#1 C:\Program Files\xampp\htdocs\myweb\wp-admin\post.php(206): require('C:\\Program File...')
#2 {main}
  thrown in C:\Program Files\xampp\htdocs\myweb\wp-admin\includes\template.php on line 1389

2020-12-21T04:54:13+00:00 CRITICAL Uncaught TypeError: call_user_func(): Argument #1 ($function) must be a valid callback, function "woodmart_sguide_dropdown_template" not found or invalid function name in C:\Program Files\xampp\htdocs\myweb\wp-admin\includes\template.php:1389
Stack trace:
#0 C:\Program Files\xampp\htdocs\myweb\wp-admin\edit-form-advanced.php(681): do_meta_boxes(Object(WP_Screen), 'side', Object(WP_Post))
#1 C:\Program Files\xampp\htdocs\myweb\wp-admin\post.php(206): require('C:\\Program File...')
#2 {main}
  thrown in C:\Program Files\xampp\htdocs\myweb\wp-admin\includes\template.php on line 1389

2020-12-21T04:55:41+00:00 CRITICAL Uncaught TypeError: call_user_func(): Argument #1 ($function) must be a valid callback, function "woodmart_sguide_dropdown_template" not found or invalid function name in C:\Program Files\xampp\htdocs\myweb\wp-admin\includes\template.php:1389
Stack trace:
#0 C:\Program Files\xampp\htdocs\myweb\wp-admin\edit-form-advanced.php(681): do_meta_boxes(Object(WP_Screen), 'side', Object(WP_Post))
#1 C:\Program Files\xampp\htdocs\myweb\wp-admin\post.php(206): require('C:\\Program File...')
#2 {main}
  thrown in C:\Program Files\xampp\htdocs\myweb\wp-admin\includes\template.php on line 1389

2020-12-21T06:42:44+00:00 CRITICAL Uncaught ArgumentCountError: 3 arguments are required, 2 given in C:\Program Files\xampp\htdocs\myweb\wp-admin\includes\class-bulk-upgrader-skin.php:152
Stack trace:
#0 C:\Program Files\xampp\htdocs\myweb\wp-admin\includes\class-bulk-upgrader-skin.php(152): sprintf('%1$s installed ...', 'Max Mega Menu')
#1 C:\Program Files\xampp\htdocs\myweb\wp-content\themes\shoppingcart\inc\tgm\class-tgm-plugin-activation.php(3553): Bulk_Upgrader_Skin->after('Max Mega Menu')
#2 C:\Program Files\xampp\htdocs\myweb\wp-admin\includes\class-wp-upgrader.php(813): TGMPA_Bulk_Installer_Skin->after()
#3 C:\Program Files\xampp\htdocs\myweb\wp-content\themes\shoppingcart\inc\tgm\class-tgm-plugin-activation.php(3173): WP_Upgrader->run(Array)
#4 C:\Program Files\xampp\htdocs\myweb\wp-content\themes\shoppingcart\inc\tgm\class-tgm-plugin-activation.php(3286): TGMPA_Bulk_Installer->run(Array)
#5 C:\Program Files\xampp\htdocs\myweb\wp-content\themes\shoppingcart\inc\tgm\class-tgm-plugin-activation.php(2892): TGMPA_Bulk_Installer->bulk_install(Array)
#6 C:\Program Files\xampp\htdocs\myweb\wp-content\themes\shoppingcart\inc\tgm\class-tgm-plugin-activation.php(658): TGMPA_List_Table->process_bulk_actions()
#7 C:\Program Files\xampp\htdocs\myweb\wp-includes\class-wp-hook.php(287): TGM_Plugin_Activation->install_plugins_page('')
#8 C:\Program Files\xampp\htdocs\myweb\wp-includes\class-wp-hook.php(311): WP_Hook->apply_filters('', Array)
#9 C:\Program Files\xampp\htdocs\myweb\wp-includes\plugin.php(484): WP_Hook->do_action(Array)
#10 C:\Program Files\xampp\htdocs\myweb\wp-admin\admin.php(259): do_action('appearance_page...')
#11 C:\Program Files\xampp\htdocs\myweb\wp-admin\themes.php(10): require_once('C:\\Program File...')
#12 {main}
  thrown in C:\Program Files\xampp\htdocs\myweb\wp-admin\includes\class-bulk-upgrader-skin.php on line 152

2020-12-21T16:56:21+00:00 CRITICAL Uncaught ValueError: Unknown format specifier "S" in C:\Program Files\xampp\htdocs\myweb\wp-content\plugins\yith-woocommerce-advanced-reviews\templates\admin\premium.php:235
Stack trace:
#0 C:\Program Files\xampp\htdocs\myweb\wp-content\plugins\yith-woocommerce-advanced-reviews\templates\admin\premium.php(235): sprintf('Appearance is i...', '<b>', '</b>')
#1 C:\Program Files\xampp\htdocs\myweb\wp-content\plugins\yith-woocommerce-advanced-reviews\class.yith-woocommerce-advanced-reviews.php(659): include_once('C:\\Program File...')
#2 C:\Program Files\xampp\htdocs\myweb\wp-includes\class-wp-hook.php(287): YITH_WooCommerce_Advanced_Reviews->premium_tab('')
#3 C:\Program Files\xampp\htdocs\myweb\wp-includes\class-wp-hook.php(311): WP_Hook->apply_filters('', Array)
#4 C:\Program Files\xampp\htdocs\myweb\wp-includes\plugin.php(484): WP_Hook->do_action(Array)
#5 C:\Program Files\xampp\htdocs\myweb\wp-content\plugins\yith-woocommerce-advanced-reviews\plugin-fw\lib\yit-plugin-panel.php(703): do_action('yith_advanced_r...')
#6 C:\Program Files\xampp\htdocs\myweb\wp-content\plugins\yith-woocommerce-advanced-reviews\plugin-fw\lib\yit-plugin-panel-wc.php(281): YIT_Plugin_Panel->print_custom_tab('yith_advanced_r...')
#7 C:\Program Files\xampp\htdocs\myweb\wp-content\plugins\yith-woocommerce-advanced-reviews\plugin-fw\templates\panel\woocommerce\woocommerce-panel.php(6): YIT_Plugin_Panel_WooCommerce->print_panel_content()
#8 C:\Program Files\xampp\htdocs\myweb\wp-content\plugins\yith-woocommerce-advanced-reviews\plugin-fw\lib\yit-plugin-panel-wc.php(155): require_once('C:\\Program File...')
#9 C:\Program Files\xampp\htdocs\myweb\wp-includes\class-wp-hook.php(287): YIT_Plugin_Panel_WooCommerce->yit_panel('')
#10 C:\Program Files\xampp\htdocs\myweb\wp-includes\class-wp-hook.php(311): WP_Hook->apply_filters('', Array)
#11 C:\Program Files\xampp\htdocs\myweb\wp-includes\plugin.php(484): WP_Hook->do_action(Array)
#12 C:\Program Files\xampp\htdocs\myweb\wp-admin\admin.php(259): do_action('yith-plugins_pa...')
#13 {main}
  thrown in C:\Program Files\xampp\htdocs\myweb\wp-content\plugins\yith-woocommerce-advanced-reviews\templates\admin\premium.php on line 235

2020-12-21T17:49:46+00:00 CRITICAL Uncaught TypeError: call_user_func_array(): Argument #1 ($function) must be a valid callback, class "Freemius" not found in C:\Program Files\xampp\htdocs\myweb\wp-includes\class-wp-hook.php:287
Stack trace:
#0 C:\Program Files\xampp\htdocs\myweb\wp-includes\class-wp-hook.php(311): WP_Hook->apply_filters('', Array)
#1 C:\Program Files\xampp\htdocs\myweb\wp-includes\plugin.php(484): WP_Hook->do_action(Array)
#2 C:\Program Files\xampp\htdocs\myweb\wp-admin\includes\plugin.php(1285): do_action('uninstall_block...')
#3 C:\Program Files\xampp\htdocs\myweb\wp-admin\includes\plugin.php(967): uninstall_plugin('blockspare/bloc...')
#4 C:\Program Files\xampp\htdocs\myweb\wp-admin\includes\ajax-actions.php(4573): delete_plugins(Array)
#5 C:\Program Files\xampp\htdocs\myweb\wp-includes\class-wp-hook.php(287): wp_ajax_delete_plugin('')
#6 C:\Program Files\xampp\htdocs\myweb\wp-includes\class-wp-hook.php(311): WP_Hook->apply_filters('', Array)
#7 C:\Program Files\xampp\htdocs\myweb\wp-includes\plugin.php(484): WP_Hook->do_action(Array)
#8 C:\Program Files\xampp\htdocs\myweb\wp-admin\admin-ajax.php(184): do_action('wp_ajax_delete-...')
#9 {main}
  thrown in C:\Program Files\xampp\htdocs\myweb\wp-includes\class-wp-hook.php on line 287

2020-12-21T18:35:02+00:00 CRITICAL syntax error, unexpected identifier "liên", expecting ";" in C:\Program Files\xampp\htdocs\myweb\wp-content\themes\shoppingcart\woocommerce\functions.php on line 24

2020-12-21T18:35:30+00:00 CRITICAL Uncaught Error: Undefined constant "‘woocommerce_empty_price_html’" in C:\Program Files\xampp\htdocs\myweb\wp-content\themes\shoppingcart\woocommerce\functions.php:27
Stack trace:
#0 C:\Program Files\xampp\htdocs\myweb\wp-content\themes\shoppingcart\functions.php(106): require()
#1 C:\Program Files\xampp\htdocs\myweb\wp-includes\class-wp-hook.php(287): shoppingcart_setup('')
#2 C:\Program Files\xampp\htdocs\myweb\wp-includes\class-wp-hook.php(311): WP_Hook->apply_filters(NULL, Array)
#3 C:\Program Files\xampp\htdocs\myweb\wp-includes\plugin.php(484): WP_Hook->do_action(Array)
#4 C:\Program Files\xampp\htdocs\myweb\wp-settings.php(535): do_action('after_setup_the...')
#5 C:\Program Files\xampp\htdocs\myweb\wp-config.php(90): require_once('C:\\Program File...')
#6 C:\Program Files\xampp\htdocs\myweb\wp-load.php(37): require_once('C:\\Program File...')
#7 C:\Program Files\xampp\htdocs\myweb\wp-admin\admin.php(34): require_once('C:\\Program File...')
#8 C:\Program Files\xampp\htdocs\myweb\wp-admin\theme-editor.php(10): require_once('C:\\Program File...')
#9 {main}
  thrown in C:\Program Files\xampp\htdocs\myweb\wp-content\themes\shoppingcart\woocommerce\functions.php on line 27

